mktextfm 
mktextfm 
mktextfm mangal.ttf/ICU
mktextfm mangal.ttf/ICU
mktextfm mangal.ttf/ICU
mktextfm mangal.ttf/ICU
mktextfm mangal.ttf/B/ICU
mktextfm mangal.ttf/ICU
mktextfm mangal.ttf/I/ICU
mktextfm mangal.ttf/ICU
mktextfm mangal.ttf/BI/ICU
mktextfm Mangal/ICU
mktextfm Mangal/ICU
mktextfm Mangal/ICU
mktextfm Mangal/ICU
mktextfm Mangal/B/ICU
mktextfm Mangal/ICU
mktextfm Mangal/I/ICU
mktextfm Mangal/ICU
mktextfm Mangal/BI/ICU
mktextfm Mangal/ICU
mktextfm Mangal/ICU
mktextfm Mangal/ICU
mktextfm Mangal/ICU
mktextfm Mangal/ICU
mktextfm Mangal/ICU
mktextfm Mangal/ICU
mktextfm Mangal/ICU
mktextfm Mangal/ICU
